    "name": "TandjungSambar",
    "name": "Tandjung Selatan",
    "name": "Tandjung Puting",
    "name": "Gili Radja",
    "name": "Pulau Sepandjang",
    "name": "Pulau Pandjang",
    "name": "Pulau Serandjau",
    "name": "Pulau Kapaladjernih",
    "name": "Pulau Pandjang",
    "name": "Pulau Udjungbatu",
    "name": "Pulau Pitodjetsabu",
    "name": "Pulau Pitodjetsigaiso",
    "name": "Pulau Karangmadjat",
    "name": "Pulau Djudjuat",
    "name": "Pulau Pandjang",
    "name": "Pulau Bodjo",
    "name": "Pulau Nudjambola",
    "name": "Pulau Nudjagia",
    "name": "Pulau Pandjang",
    "name": "Pulau Pandjang",
    "name": "Pulau Airadja",
    "name": "Pulau Pandjang-besar",
    "name": "Pulau Gadjah",
    "name": "Pulau Pandjang",
    "name": "Pulau Udjungbeting",
    "name": "Pulau Nodja",
    "name": "Pulau Sendjolong",
    "name": "Pulau Adjap",
    "name": "Pulau Tadjungdahan",
    "name": "Pulau Padjang",
    "name": "Pulau Pandjang",
    "name": "Pulau Pandjang",
    "name": "Pulau Pandjang",
    "name": "Pulau Labadjau",
    "name": "Pulau Pittodjat",
    "name": "Pulau Pandjangsaibi",
    "name": "Pulau Sidjebi",
    "name": "Pulau Djailamu",
    "name": "Pulau Djudjuat",
    "name": "Pulau Djaga",
    "name": "Pulau Djapu",
    "name": "Pulau Telaga-ketjil",
    "name": "Pulau Dewakang-tjadi",
    "name": "Pulau Sanane-ketjil",
    "name": "Pulau Karimun Ketjil",
    "name": "Pulau Mintjau",
    "name": "Pulau Pentjaitlajar",
    "name": "Pulau Bankudulis-ketjil",
    "name": "Tebeian-ketjil",
    "name": "Pulau Sanglar ketjil",
    "name": "Pulau Segal metjil",
    "name": "Pulau Telan Ketjil",
    "name": "Pulau Siuntjal",
    "name": "Dolok Tombak Rantjang",
    "name": "Pulau Karompa Tjadi",
    "name": "Pulau Tjombol",
    "name": "Pulau Simeulu-Tjut",
    "name": "Pulau Tjemara",
    "name": "Pulau Tjitum",
    "name": "Pulau Tjapah",
    "name": "Pulau Tjempah",
    "name": "Pulau Tjandus",
    "name": "Pulau Tjermin",
    "name": "Pulau Tjetake",
